<?xml version="1.0" encoding="UTF-8"?>
<!-- Generated by org.testng.reporters.JUnitReportReporter -->
<testsuite hostname="DESKTOP-1CDS4ET" failures="0" tests="1" name="lambdaDemo.LaunchBrowser" time="6.170" errors="0" timestamp="14 Feb 2022 18:44:47 GMT" skipped="0">
  <testcase classname="lambdaDemo.LaunchBrowser" name="myTest" time="6.170"/>
</testsuite> <!-- lambdaDemo.LaunchBrowser -->
