<?xml version="1.0" encoding="UTF-8"?>
<!-- Generated by org.testng.reporters.JUnitReportReporter -->
<testsuite hostname="DESKTOP-1CDS4ET" failures="0" tests="1" name="lambdaDemo.HandleDropDown" time="14.505" errors="0" timestamp="08 Mar 2022 17:20:24 GMT" skipped="0">
  <testcase classname="lambdaDemo.HandleDropDown" name="selectDropdown" time="14.505"/>
</testsuite> <!-- lambdaDemo.HandleDropDown -->
